
000 (94357638.000.000) 10/26 08:50:12 Job submitted from host: <128.104.100.44:9618?addrs=128.104.100.44-9618+[2607-f388-107c-501-90e2-baff-fe2c-2724]-9618&noUDP&sock=570522_0941_3>
...
001 (94357638.000.000) 10/26 09:05:31 Job executing on host: <128.105.244.45:9618?addrs=128.105.244.45-9618&noUDP&sock=24280_a392_3>
...
006 (94357638.000.000) 10/26 09:05:40 Image size of job updated: 2860
	3  -  MemoryUsage of job (MB)
	2852  -  ResidentSetSize of job (KB)
...
006 (94357638.000.000) 10/26 12:41:04 Image size of job updated: 2864
	3  -  MemoryUsage of job (MB)
	2856  -  ResidentSetSize of job (KB)
...
005 (94357638.000.000) 10/26 22:13:27 Job terminated.
	(1) Normal termination (return value 0)
		Usr 0 06:48:31, Sys 0 01:00:18  -  Run Remote Usage
		Usr 0 00:00:00, Sys 0 00:00:00  -  Run Local Usage
		Usr 0 06:48:31, Sys 0 01:00:18  -  Total Remote Usage
		Usr 0 00:00:00, Sys 0 00:00:00  -  Total Local Usage
	1472020  -  Run Bytes Sent By Job
	3745  -  Run Bytes Received By Job
	1472020  -  Total Bytes Sent By Job
	3745  -  Total Bytes Received By Job
	Partitionable Resources :     Usage   Request Allocated
	   Cpus                 :                   1         1
	   Disk (KB)            : 534475289 367001600 382083702
	   Ioheavy              :                             1
	   Memory (MB)          :         3      2048      2048
...
