000 (94433624.000.000) 10/27 15:11:51 Job submitted from host: <128.104.100.44:9618?addrs=128.104.100.44-9618+[2607-f388-107c-501-90e2-baff-fe2c-2724]-9618&noUDP&sock=570522_0941_3>
...
001 (94433624.000.000) 10/27 19:49:37 Job executing on host: <128.105.244.75:9618?addrs=128.105.244.75-9618&noUDP&sock=31006_1d91_3>
...
006 (94433624.000.000) 10/27 19:49:46 Image size of job updated: 2848
	3  -  MemoryUsage of job (MB)
	2848  -  ResidentSetSize of job (KB)
...
006 (94433624.000.000) 10/27 20:14:49 Image size of job updated: 2852
	3  -  MemoryUsage of job (MB)
	2852  -  ResidentSetSize of job (KB)
...
006 (94433624.000.000) 10/28 00:15:13 Image size of job updated: 2856
	3  -  MemoryUsage of job (MB)
	2856  -  ResidentSetSize of job (KB)
...
005 (94433624.000.000) 10/28 00:40:50 Job terminated.
	(1) Normal termination (return value 0)
		Usr 0 03:11:04, Sys 0 00:23:04  -  Run Remote Usage
		Usr 0 00:00:00, Sys 0 00:00:00  -  Run Local Usage
		Usr 0 03:11:04, Sys 0 00:23:04  -  Total Remote Usage
		Usr 0 00:00:00, Sys 0 00:00:00  -  Total Local Usage
	1366721  -  Run Bytes Sent By Job
	5069  -  Run Bytes Received By Job
	1366721  -  Total Bytes Sent By Job
	5069  -  Total Bytes Received By Job
	Partitionable Resources :     Usage   Request Allocated
	   Cpus                 :                   1         1
	   Disk (KB)            : 267519158 314572800 327321168
	   Ioheavy              :                             1
	   Memory (MB)          :         3      1024      1024
...
